#
# A fatal error has been detected by the Java Runtime Environment:
#
#  SIGBUS (0x7) at pc=0x00007f933d05d732, pid=10134, tid=0x00007f931efbd700
#
# JRE version: OpenJDK Runtime Environment (8.0_152) (build 1.8.0_152-release-1343-b16-5323222)
# Java VM: OpenJDK 64-Bit Server VM (25.152-b16-5323222 mixed mode linux-amd64 compressed oops)
# Problematic frame:
# V  [libjvm.so+0x86c732]  os::PlatformEvent::park(long)+0x1b2
#
# Failed to write core dump. Core dumps have been disabled. To enable core dumping, try "ulimit -c unlimited" before starting Java again
#
# If you would like to submit a bug report, please visit:
#   http://bugreport.java.com/bugreport/crash.jsp
#

---------------  T H R E A D  ---------------

Current thread (0x00007f933807a000):  VMThread [stack: 0x00007f931eebe000,0x00007f931efbe000] [id=10142]

siginfo: si_signo: 7 (SIGBUS), si_code: 2 (BUS_ADRERR), si_addr: 0x00007f933d05d732

Registers:
RAX=0x000000000000006e, RBX=0x00007f933d4e9f10, RCX=0x0000000000000000, RDX=0x0000000000000000
RSP=0x00007f931efbcbb0, RBP=0x00007f931efbcc10, RSI=0x0000000000000000, RDI=0x0000000000000002
R8 =0x00007f933807af28, R9 =0x0000000000000000, R10=0x00007f931efbcb10, R11=0x0000000000000000
R12=0x00007f933807af50, R13=0x00007f933807af28, R14=0x00000000000003e8, R15=0x00007f933807af00
RIP=0x00007f933d05d732, EFLAGS=0x0000000000010206, CSGSFS=0x002b000000000033, ERR=0x0000000000000014
  TRAPNO=0x000000000000000e

Top of Stack: (sp=0x00007f931efbcbb0)
0x00007f931efbcbb0:   00007f931efbcbc0 0000003000000018
0x00007f931efbcbc0:   0000000000001267 000000000560b19c
0x00007f931efbcbd0:   0000000000001266 000000000560b19c
0x00007f931efbcbe0:   00007f931efbcd08 00007f933807af00
0x00007f931efbcbf0:   00007f93380090d0 00007f93380090f0
0x00007f931efbcc00:   00000000000003e8 00007f933807a000
0x00007f931efbcc10:   00007f931efbcc50 00007f933d01b71f
0x00007f931efbcc20:   00007f933d4e2fdb 00007f93380090d0
0x00007f931efbcc30:   0000000000000000 00000000000003e8
0x00007f931efbcc40:   0000000000000001 00007f933807a000
0x00007f931efbcc50:   00007f931efbcca0 00007f933d01c0cf
0x00007f931efbcc60:   00007f93380090d0 00007f933807a000
0x00007f931efbcc70:   00007f9338009150 00007f933807a000
0x00007f931efbcc80:   0000000000000000 0000000000000001
0x00007f931efbcc90:   00007f933d4e9670 00007f93380090d0
0x00007f931efbcca0:   00007f931efbce40 00007f933d1f5c29
0x00007f931efbccb0:   00007f931efbccc0 00007f931efbcd00
0x00007f931efbccc0:   00007f933807a000 00007f933807a810
0x00007f931efbccd0:   00007f933807a850 00007f933807a860
0x00007f931efbcce0:   00007f933807a938 00000000000000d8
0x00007f931efbccf0:   00007f933807aa40 0000000000000000
0x00007f931efbcd00:   00007f931efbcd08 6e69747563657845
0x00007f931efbcd10:   65706f204d562067 203a6e6f69746172
0x00007f931efbcd20:   6942656b6f766552 00656e6f64207361
0x00007f931efbcd30:   6974616300656e6f 00656e6f64206e6f
0x00007f931efbcd40:   00007f931efb0065 0000000000000000
0x00007f931efbcd50:   0000000000000000 0000000000000138
0x00007f931efbcd60:   00007f931efbcda0 00007f933d050c6d
0x00007f931efbcd70:   00007f933dae6331 0000000000000138
0x00007f931efbcd80:   0000000000000138 00007f933807a000
0x00007f931efbcd90:   00007f933dee3bb0 0000000000000000
0x00007f931efbcda0:   00007f931efbcdd0 00007f933cad3f29 

Instructions: (pc=0x00007f933d05d732)
0x00007f933d05d712:   41 8b 47 20 85 c0 79 4e 80 3d ef dd 48 00 00 74
0x00007f933d05d722:   9d 48 8b 55 a0 4c 89 ee 4c 89 e7 e8 3e 46 9a ff
0x00007f933d05d732:   41 89 c6 eb b1 66 0f 1f 84 00 00 00 00 00 4c 89
0x00007f933d05d742:   e7 e8 a8 46 9a ff 48 8d 35 91 dd 48 00 4c 89 e7 

Register to memory mapping:

RAX=0x000000000000006e is an unknown value
RBX=0x00007f933d4e9f10: <offset 0xcf8f10> in /home/mostafa/Desktop/android-studio/jre/jre/lib/amd64/server/libjvm.so at 0x00007f933c7f1000
RCX=0x0000000000000000 is an unknown value
RDX=0x0000000000000000 is an unknown value
RSP=0x00007f931efbcbb0 is an unknown value
RBP=0x00007f931efbcc10 is an unknown value
RSI=0x0000000000000000 is an unknown value
RDI=0x0000000000000002 is an unknown value
R8 =0x00007f933807af28 is an unknown value
R9 =0x0000000000000000 is an unknown value
R10=0x00007f931efbcb10 is an unknown value
R11=0x0000000000000000 is an unknown value
R12=0x00007f933807af50 is an unknown value
R13=0x00007f933807af28 is an unknown value
R14=0x00000000000003e8 is an unknown value
R15=0x00007f933807af00 is an unknown value


Stack: [0x00007f931eebe000,0x00007f931efbe000],  sp=0x00007f931efbcbb0,  free space=1018k
Native frames: (J=compiled Java code, j=interpreted, Vv=VM code, C=native code)
V  [libjvm.so+0x86c732]  os::PlatformEvent::park(long)+0x1b2
V  [libjvm.so+0x82a71f]  Monitor::IWait(Thread*, long)+0x25f
V  [libjvm.so+0x82b0cf]  Monitor::wait(bool, long, bool)+0xef
V  [libjvm.so+0xa04c29]  VMThread::loop()+0x369
V  [libjvm.so+0xa04ee2]  VMThread::run()+0x72
V  [libjvm.so+0x864822]  java_start(Thread*)+0xf2


---------------  P R O C E S S  ---------------

Java Threads: ( => current thread )
  0x00007f92c10a8800 JavaThread "RMI RenewClean-[127.0.0.1:40295,org.jetbrains.kotlin.daemon.common.LoopbackNetworkInterface$ClientLoopbackSocketFactory@38411846]" daemon [_thread_in_native, id=13393, stack(0x00007f931d6e3000,0x00007f931d7e4000)]
  0x00007f9298001800 JavaThread "RMI RenewClean-[127.0.0.1:40295,org.jetbrains.kotlin.daemon.common.LoopbackNetworkInterface$ClientLoopbackSocketFactory@57903573]" daemon [_thread_in_native, id=13389, stack(0x00007f929db14000,0x00007f929dc15000)]
  0x00007f92a869f800 JavaThread "RMI RenewClean-[127.0.0.1:40295,org.jetbrains.kotlin.daemon.common.LoopbackNetworkInterface$ClientLoopbackSocketFactory@50b2a803]" daemon [_thread_in_native, id=13385, stack(0x00007f92b3eff000,0x00007f92b4000000)]
  0x00007f92a4058800 JavaThread "RMI RenewClean-[127.0.0.1:40295,org.jetbrains.kotlin.daemon.common.LoopbackNetworkInterface$ClientLoopbackSocketFactory@48fa87ea]" daemon [_thread_blocked, id=13173, stack(0x00007f931dee9000,0x00007f931dfea000)]
  0x00007f92d4011800 JavaThread "RMI Scheduler(0)" daemon [_thread_blocked, id=10157, stack(0x00007f931d8e5000,0x00007f931d9e6000)]
  0x00007f933800c800 JavaThread "DestroyJavaVM" [_thread_blocked, id=10137, stack(0x00007f933dde5000,0x00007f933dee5000)]
  0x00007f9338365800 JavaThread "GC Daemon" daemon [_thread_blocked, id=10155, stack(0x00007f931dce7000,0x00007f931dde8000)]
  0x00007f933835e800 JavaThread "RMI Reaper" [_thread_blocked, id=10154, stack(0x00007f931dde8000,0x00007f931dee9000)]
  0x00007f9338351800 JavaThread "Timer-0" daemon [_thread_in_vm, id=10152, stack(0x00007f931dfea000,0x00007f931e0eb000)]
  0x00007f933834d800 JavaThread "RMI TCP Accept-17136" daemon [_thread_in_native, id=10151, stack(0x00007f931e0eb000,0x00007f931e1ec000)]
  0x00007f93380ca800 JavaThread "Service Thread" daemon [_thread_blocked, id=10149, stack(0x00007f931e61b000,0x00007f931e71c000)]
  0x00007f93380bf800 JavaThread "C1 CompilerThread2" daemon [_thread_blocked, id=10148, stack(0x00007f931e71d000,0x00007f931e81d000)]
  0x00007f93380bd800 JavaThread "C2 CompilerThread1" daemon [_thread_blocked, id=10147, stack(0x00007f931e81e000,0x00007f931e91e000)]
  0x00007f93380bb000 JavaThread "C2 CompilerThread0" daemon [_thread_blocked, id=10146, stack(0x00007f931e91f000,0x00007f931ea1f000)]
  0x00007f93380b9000 JavaThread "Signal Dispatcher" daemon [_thread_blocked, id=10145, stack(0x00007f931ea1f000,0x00007f931eb20000)]
  0x00007f9338086800 JavaThread "Finalizer" daemon [_thread_blocked, id=10144, stack(0x00007f931ecbb000,0x00007f931edbc000)]
  0x00007f9338082000 JavaThread "Reference Handler" daemon [_thread_blocked, id=10143, stack(0x00007f931edbc000,0x00007f931eebd000)]

Other Threads:
=>0x00007f933807a000 VMThread [stack: 0x00007f931eebe000,0x00007f931efbe000] [id=10142]
  0x00007f93380cd000 WatcherThread [stack: 0x00007f931e51b000,0x00007f931e61b000] [id=10150]

VM state:not at safepoint (normal execution)

VM Mutex/Monitor currently owned by a thread:  ([mutex/lock_event])
[0x00007f9338009dd0] PeriodicTask_lock - owner thread: 0x00007f93380cd000

Heap:
 PSYoungGen      total 398848K, used 116799K [0x00000000e0000000, 0x00000000ff380000, 0x0000000100000000)
  eden space 297472K, 22% used [0x00000000e0000000,0x00000000e42b12c0,0x00000000f2280000)
  from space 101376K, 47% used [0x00000000f9080000,0x00000000fbfdec90,0x00000000ff380000)
  to   space 107008K, 0% used [0x00000000f2280000,0x00000000f2280000,0x00000000f8b00000)
 ParOldGen       total 300032K, used 184549K [0x00000000a0000000, 0x00000000b2500000, 0x00000000e0000000)
  object space 300032K, 61% used [0x00000000a0000000,0x00000000ab4395f0,0x00000000b2500000)
 Metaspace       used 187212K, capacity 196047K, committed 223320K, reserved 1239040K
  class space    used 23517K, capacity 25296K, committed 33408K, reserved 1048576K

Card table byte_map: [0x00007f9328309000,0x00007f932860a000] byte_map_base: 0x00007f9327e09000

Marking Bits: (ParMarkBitMap*) 0x00007f933d4edf00
 Begin Bits: [0x00007f9324d05000, 0x00007f9326505000)
 End Bits:   [0x00007f9326505000, 0x00007f9327d05000)

Polling page: 0x00007f933df0b000

CodeCache: size=245760Kb used=94653Kb max_used=98328Kb free=151106Kb
 bounds [0x00007f93289ca000, 0x00007f932ea5a000, 0x00007f93379ca000]
 total_blobs=27237 nmethods=26634 adapters=512
 compilation: enabled

Compilation events (10 events):
Event: 2627.680 Thread 0x00007f93380bd800 40904       4       java.lang.Thread::isInterrupted (6 bytes)
Event: 2627.680 Thread 0x00007f93380bf800 40905       3       sun.rmi.transport.StreamRemoteCall::<init> (30 bytes)
Event: 2627.681 Thread 0x00007f93380bd800 nmethod 40904 0x00007f932975c110 code [0x00007f932975c260, 0x00007f932975c308]
Event: 2627.681 Thread 0x00007f93380bf800 nmethod 40905 0x00007f932cab6250 code [0x00007f932cab63c0, 0x00007f932cab65d0]
Event: 2627.681 Thread 0x00007f93380bf800 40906   !   3       sun.rmi.transport.Transport::serviceCall (380 bytes)
Event: 2627.688 Thread 0x00007f93380bf800 nmethod 40906 0x00007f932cbb9d10 code [0x00007f932cbba540, 0x00007f932cbbfe48]
Event: 2826.694 Thread 0x00007f93380bf800 40907       3       java.security.Provider::checkInitialized (16 bytes)
Event: 2826.824 Thread 0x00007f93380bf800 nmethod 40907 0x00007f932cc87f50 code [0x00007f932cc880c0, 0x00007f932cc88308]
Event: 2921.201 Thread 0x00007f93380bf800 40908       3       java.io.ObjectInputStream::readArray (453 bytes)
Event: 2921.204 Thread 0x00007f93380bf800 nmethod 40908 0x00007f932b7333d0 code [0x00007f932b7337c0, 0x00007f932b735478]

GC Heap History (10 events):
Event: 2615.395 GC heap before
{Heap before GC invocations=57 (full 9):
 PSYoungGen      total 389632K, used 264192K [0x00000000e0000000, 0x00000000ffb80000, 0x0000000100000000)
  eden space 264192K, 100% used [0x00000000e0000000,0x00000000f0200000,0x00000000f0200000)
  from space 125440K, 0% used [0x00000000f0200000,0x00000000f0200000,0x00000000f7c80000)
  to   space 119808K, 0% used [0x00000000f8680000,0x00000000f8680000,0x00000000ffb80000)
 ParOldGen       total 300032K, used 58903K [0x00000000a0000000, 0x00000000b2500000, 0x00000000e0000000)
  object space 300032K, 19% used [0x00000000a0000000,0x00000000a3985c98,0x00000000b2500000)
 Metaspace       used 164933K, capacity 172419K, committed 223320K, reserved 1239040K
  class space    used 20604K, capacity 22148K, committed 33408K, reserved 1048576K
Event: 2615.453 GC heap after
Heap after GC invocations=57 (full 9):
 PSYoungGen      total 386560K, used 52561K [0x00000000e0000000, 0x00000000fef80000, 0x0000000100000000)
  eden space 279040K, 0% used [0x00000000e0000000,0x00000000e0000000,0x00000000f1080000)
  from space 107520K, 48% used [0x00000000f8680000,0x00000000fb9d47d0,0x00000000fef80000)
  to   space 114176K, 0% used [0x00000000f1080000,0x00000000f1080000,0x00000000f8000000)
 ParOldGen       total 300032K, used 58911K [0x00000000a0000000, 0x00000000b2500000, 0x00000000e0000000)
  object space 300032K, 19% used [0x00000000a0000000,0x00000000a3987c98,0x00000000b2500000)
 Metaspace       used 164933K, capacity 172419K, committed 223320K, reserved 1239040K
  class space    used 20604K, capacity 22148K, committed 33408K, reserved 1048576K
}
Event: 2617.998 GC heap before
{Heap before GC invocations=58 (full 9):
 PSYoungGen      total 386560K, used 331601K [0x00000000e0000000, 0x00000000fef80000, 0x0000000100000000)
  eden space 279040K, 100% used [0x00000000e0000000,0x00000000f1080000,0x00000000f1080000)
  from space 107520K, 48% used [0x00000000f8680000,0x00000000fb9d47d0,0x00000000fef80000)
  to   space 114176K, 0% used [0x00000000f1080000,0x00000000f1080000,0x00000000f8000000)
 ParOldGen       total 300032K, used 58911K [0x00000000a0000000, 0x00000000b2500000, 0x00000000e0000000)
  object space 300032K, 19% used [0x00000000a0000000,0x00000000a3987c98,0x00000000b2500000)
 Metaspace       used 176129K, capacity 183989K, committed 223320K, reserved 1239040K
  class space    used 22103K, capacity 23719K, committed 33408K, reserved 1048576K
Event: 2618.049 GC heap after
Heap after GC invocations=58 (full 9):
 PSYoungGen      total 393216K, used 54080K [0x00000000e0000000, 0x00000000ffb80000, 0x0000000100000000)
  eden space 279040K, 0% used [0x00000000e0000000,0x00000000e0000000,0x00000000f1080000)
  from space 114176K, 47% used [0x00000000f1080000,0x00000000f45500d0,0x00000000f8000000)
  to   space 108544K, 0% used [0x00000000f9180000,0x00000000f9180000,0x00000000ffb80000)
 ParOldGen       total 300032K, used 69552K [0x00000000a0000000, 0x00000000b2500000, 0x00000000e0000000)
  object space 300032K, 23% used [0x00000000a0000000,0x00000000a43ec208,0x00000000b2500000)
 Metaspace       used 176129K, capacity 183989K, committed 223320K, reserved 1239040K
  class space    used 22103K, capacity 23719K, committed 33408K, reserved 1048576K
}
Event: 2620.220 GC heap before
{Heap before GC invocations=59 (full 9):
 PSYoungGen      total 393216K, used 333120K [0x00000000e0000000, 0x00000000ffb80000, 0x0000000100000000)
  eden space 279040K, 100% used [0x00000000e0000000,0x00000000f1080000,0x00000000f1080000)
  from space 114176K, 47% used [0x00000000f1080000,0x00000000f45500d0,0x00000000f8000000)
  to   space 108544K, 0% used [0x00000000f9180000,0x00000000f9180000,0x00000000ffb80000)
 ParOldGen       total 300032K, used 69552K [0x00000000a0000000, 0x00000000b2500000, 0x00000000e0000000)
  object space 300032K, 23% used [0x00000000a0000000,0x00000000a43ec208,0x00000000b2500000)
 Metaspace       used 185495K, capacity 194171K, committed 223320K, reserved 1239040K
  class space    used 23378K, capacity 25136K, committed 33408K, reserved 1048576K
Event: 2620.315 GC heap after
Heap after GC invocations=59 (full 9):
 PSYoungGen      total 400384K, used 89982K [0x00000000e0000000, 0x0000000100000000, 0x0000000100000000)
  eden space 291840K, 0% used [0x00000000e0000000,0x00000000e0000000,0x00000000f1d00000)
  from space 108544K, 82% used [0x00000000f9180000,0x00000000fe95fa70,0x00000000ffb80000)
  to   space 116224K, 0% used [0x00000000f1d00000,0x00000000f1d00000,0x00000000f8e80000)
 ParOldGen       total 300032K, used 106414K [0x00000000a0000000, 0x00000000b2500000, 0x00000000e0000000)
  object space 300032K, 35% used [0x00000000a0000000,0x00000000a67eb840,0x00000000b2500000)
 Metaspace       used 185495K, capacity 194171K, committed 223320K, reserved 1239040K
  class space    used 23378K, capacity 25136K, committed 33408K, reserved 1048576K
}
Event: 2621.170 GC heap before
{Heap before GC invocations=60 (full 9):
 PSYoungGen      total 400384K, used 381822K [0x00000000e0000000, 0x0000000100000000, 0x0000000100000000)
  eden space 291840K, 100% used [0x00000000e0000000,0x00000000f1d00000,0x00000000f1d00000)
  from space 108544K, 82% used [0x00000000f9180000,0x00000000fe95fa70,0x00000000ffb80000)
  to   space 116224K, 0% used [0x00000000f1d00000,0x00000000f1d00000,0x00000000f8e80000)
 ParOldGen       total 300032K, used 106414K [0x00000000a0000000, 0x00000000b2500000, 0x00000000e0000000)
  object space 300032K, 35% used [0x00000000a0000000,0x00000000a67eb840,0x00000000b2500000)
 Metaspace       used 186046K, capacity 194781K, committed 223320K, reserved 1239040K
  class space    used 23426K, capacity 25209K, committed 33408K, reserved 1048576K
Event: 2621.265 GC heap after
Heap after GC invocations=60 (full 9):
 PSYoungGen      total 408064K, used 57806K [0x00000000e0000000, 0x00000000ffc80000, 0x0000000100000000)
  eden space 291840K, 0% used [0x00000000e0000000,0x00000000e0000000,0x00000000f1d00000)
  from space 116224K, 49% used [0x00000000f1d00000,0x00000000f5573828,0x00000000f8e80000)
  to   space 110592K, 0% used [0x00000000f9080000,0x00000000f9080000,0x00000000ffc80000)
 ParOldGen       total 300032K, used 127494K [0x00000000a0000000, 0x00000000b2500000, 0x00000000e0000000)
  object space 300032K, 42% used [0x00000000a0000000,0x00000000a7c81b90,0x00000000b2500000)
 Metaspace       used 186046K, capacity 194781K, committed 223320K, reserved 1239040K
  class space    used 23426K, capacity 25209K, committed 33408K, reserved 1048576K
}
Event: 2625.555 GC heap before
{Heap before GC invocations=61 (full 9):
 PSYoungGen      total 408064K, used 349646K [0x00000000e0000000, 0x00000000ffc80000, 0x0000000100000000)
  eden space 291840K, 100% used [0x00000000e0000000,0x00000000f1d00000,0x00000000f1d00000)
  from space 116224K, 49% used [0x00000000f1d00000,0x00000000f5573828,0x00000000f8e80000)
  to   space 110592K, 0% used [0x00000000f9080000,0x00000000f9080000,0x00000000ffc80000)
 ParOldGen       total 300032K, used 127494K [0x00000000a0000000, 0x00000000b2500000, 0x00000000e0000000)
  object space 300032K, 42% used [0x00000000a0000000,0x00000000a7c81b90,0x00000000b2500000)
 Metaspace       used 187109K, capacity 195855K, committed 223320K, reserved 1239040K
  class space    used 23514K, capacity 25296K, committed 33408K, reserved 1048576K
Event: 2625.654 GC heap after
Heap after GC invocations=61 (full 9):
 PSYoungGen      total 398848K, used 48507K [0x00000000e0000000, 0x00000000ff380000, 0x0000000100000000)
  eden space 297472K, 0% used [0x00000000e0000000,0x00000000e0000000,0x00000000f2280000)
  from space 101376K, 47% used [0x00000000f9080000,0x00000000fbfdec90,0x00000000ff380000)
  to   space 107008K, 0% used [0x00000000f2280000,0x00000000f2280000,0x00000000f8b00000)
 ParOldGen       total 300032K, used 184549K [0x00000000a0000000, 0x00000000b2500000, 0x00000000e0000000)
  object space 300032K, 61% used [0x00000000a0000000,0x00000000ab4395f0,0x00000000b2500000)
 Metaspace       used 187109K, capacity 195855K, committed 223320K, reserved 1239040K
  class space    used 23514K, capacity 25296K, committed 33408K, reserved 1048576K
}

Deoptimization events (10 events):
Event: 2625.659 Thread 0x00007f92e000b800 Uncommon trap: reason=class_check action=maybe_recompile pc=0x00007f932e66d294 method=org.jetbrains.kotlin.codegen.state.KotlinTypeMapper.mapFunctionName(Lorg/jetbrains/kotlin/descriptors/FunctionDescriptor;Lorg/jetbrains/kotlin/codegen/OwnerKind;)Ljava/l
Event: 2625.908 Thread 0x00007f92e000b800 Uncommon trap: reason=unstable_if action=reinterpret pc=0x00007f9329a2f85c method=org.jetbrains.kotlin.codegen.optimization.boxing.RedundantBoxingInterpreter.processOperationWithBoxedValue(Lorg/jetbrains/org/objectweb/asm/tree/analysis/BasicValue;Lorg/jet
Event: 2625.915 Thread 0x00007f92e000b800 Uncommon trap: reason=bimorphic action=maybe_recompile pc=0x00007f932ca83fbc method=org.jetbrains.kotlin.renderer.DescriptorRendererImpl.renderPossiblyInnerType(Ljava/lang/StringBuilder;Lorg/jetbrains/kotlin/descriptors/PossiblyInnerType;)V @ 65
Event: 2625.943 Thread 0x00007f92e000b800 Uncommon trap: reason=unstable_if action=reinterpret pc=0x00007f932a69ce00 method=org.jetbrains.org.objectweb.asm.Type.getArgumentsAndReturnSizes(Ljava/lang/String;)I @ 115
Event: 2626.330 Thread 0x00007f92e000b800 Uncommon trap: reason=class_check action=maybe_recompile pc=0x00007f932bb7a044 method=org.jetbrains.kotlin.com.intellij.util.containers.hash.LinkedHashMap.remove(Ljava/lang/Object;)Ljava/lang/Object; @ 127
Event: 2626.330 Thread 0x00007f92e000b800 Uncommon trap: reason=class_check action=maybe_recompile pc=0x00007f932bb7a044 method=org.jetbrains.kotlin.com.intellij.util.containers.hash.LinkedHashMap.remove(Ljava/lang/Object;)Ljava/lang/Object; @ 127
Event: 2626.330 Thread 0x00007f92e000b800 Uncommon trap: reason=class_check action=maybe_recompile pc=0x00007f932c0dfb2c method=org.jetbrains.kotlin.com.intellij.util.containers.hash.LinkedHashMap.remove(Ljava/lang/Object;)Ljava/lang/Object; @ 127
Event: 2626.334 Thread 0x00007f92e000b800 Uncommon trap: reason=unstable_if action=reinterpret pc=0x00007f932db65ecc method=org.jetbrains.kotlin.com.intellij.openapi.util.io.DataInputOutputUtilRt.writeINT(Ljava/io/DataOutput;I)V @ 43
Event: 2626.336 Thread 0x00007f92e000b800 Uncommon trap: reason=unstable_if action=reinterpret pc=0x00007f932a64c704 method=org.jetbrains.kotlin.com.intellij.openapi.util.io.DataInputOutputUtilRt.writeINT(Ljava/io/DataOutput;I)V @ 43
Event: 2626.341 Thread 0x00007f92e000b800 Uncommon trap: reason=class_check action=maybe_recompile pc=0x00007f932d32e7e4 method=java.io.BufferedOutputStream.write([BII)V @ 20

Classes redefined (0 events):
No events

Internal exceptions (10 events):
Event: 2626.326 Thread 0x00007f92e000b800 Exception <a 'java/io/FileNotFoundException'> (0x00000000e32b7cc0) thrown at [/buildbot/src/googleplex-android/openjdk/out/hotspot/src/share/vm/prims/jni.cpp, line 709]
Event: 2626.326 Thread 0x00007f92e000b800 Exception <a 'sun/nio/fs/UnixException'> (0x00000000e32b91f8) thrown at [/buildbot/src/googleplex-android/openjdk/out/hotspot/src/share/vm/prims/jni.cpp, line 709]
Event: 2626.327 Thread 0x00007f92e000b800 Exception <a 'sun/nio/fs/UnixException'> (0x00000000e32bdcf0) thrown at [/buildbot/src/googleplex-android/openjdk/out/hotspot/src/share/vm/prims/jni.cpp, line 709]
Event: 2626.327 Thread 0x00007f92e000b800 Exception <a 'java/io/FileNotFoundException'> (0x00000000e32bf638) thrown at [/buildbot/src/googleplex-android/openjdk/out/hotspot/src/share/vm/prims/jni.cpp, line 709]
Event: 2626.327 Thread 0x00007f92e000b800 Exception <a 'java/io/FileNotFoundException'> (0x00000000e32c0cf0) thrown at [/buildbot/src/googleplex-android/openjdk/out/hotspot/src/share/vm/prims/jni.cpp, line 709]
Event: 2626.330 Thread 0x00007f92e000b800 Exception <a 'java/io/FileNotFoundException'> (0x00000000e3365ca8) thrown at [/buildbot/src/googleplex-android/openjdk/out/hotspot/src/share/vm/prims/jni.cpp, line 709]
Event: 2626.330 Thread 0x00007f92e000b800 Exception <a 'sun/nio/fs/UnixException'> (0x00000000e3367348) thrown at [/buildbot/src/googleplex-android/openjdk/out/hotspot/src/share/vm/prims/jni.cpp, line 709]
Event: 2626.331 Thread 0x00007f92e000b800 Exception <a 'sun/nio/fs/UnixException'> (0x00000000e336c0c0) thrown at [/buildbot/src/googleplex-android/openjdk/out/hotspot/src/share/vm/prims/jni.cpp, line 709]
Event: 2626.331 Thread 0x00007f92e000b800 Exception <a 'java/io/FileNotFoundException'> (0x00000000e336dac0) thrown at [/buildbot/src/googleplex-android/openjdk/out/hotspot/src/share/vm/prims/jni.cpp, line 709]
Event: 2626.331 Thread 0x00007f92e000b800 Exception <a 'java/io/FileNotFoundException'> (0x00000000e336f2e8) thrown at [/buildbot/src/googleplex-android/openjdk/out/hotspot/src/share/vm/prims/jni.cpp, line 709]

Events (10 events):
Event: 2790.969 Executing VM operation: RevokeBias
Event: 2791.188 Executing VM operation: RevokeBias done
Event: 2929.931 Executing VM operation: RevokeBias
Event: 2930.013 Executing VM operation: RevokeBias done
Event: 2931.096 Executing VM operation: RevokeBias
Event: 2931.096 Executing VM operation: RevokeBias done
Event: 2936.827 Executing VM operation: RevokeBias
Event: 2936.827 Executing VM operation: RevokeBias done
Event: 3156.260 Executing VM operation: RevokeBias
Event: 3237.669 Executing VM operation: RevokeBias done


Dynamic libraries:
00400000-00401000 r-xp 00000000 08:01 1843300                            /home/mostafa/Desktop/android-studio/jre/jre/bin/java
00401000-00402000 rw-p 00000000 08:01 1843300                            /home/mostafa/Desktop/android-studio/jre/jre/bin/java
0077d000-016d0000 rw-p 00000000 00:00 0                                  [heap]
a0000000-b2500000 rw-p 00000000 00:00 0 
b2500000-e0000000 ---p 00000000 00:00 0 
e0000000-ff380000 rw-p 00000000 00:00 0 
ff380000-100000000 ---p 00000000 00:00 0 
100000000-1020a0000 rw-p 00000000 00:00 0 
1020a0000-140000000 ---p 00000000 00:00 0 
7f9297800000-7f9297980000 rw-p 00000000 00:00 0 
7f9297980000-7f9297a00000 ---p 00000000 00:00 0 
7f9297a00000-7f9297c00000 rw-p 00000000 00:00 0 
7f9297c00000-7f9297e00000 rw-p 00000000 00:00 0 
7f9297e00000-7f9298000000 rw-p 00000000 00:00 0 
7f9298000000-7f929886f000 rw-p 00000000 00:00 0 
7f929886f000-7f929c000000 ---p 00000000 00:00 0 
7f929c107000-7f929c307000 rw-p 00000000 00:00 0 
7f929c307000-7f929c507000 rw-p 00000000 00:00 0 
7f929c507000-7f929c707000 rw-p 00000000 00:00 0 
7f929c707000-7f929c7ec000 r-xp 00000000 08:01 802134                     /tmp/room-fa222c6b-b1db-4410-b40c-0af4958fb785/sqlite-3.20.1-c0077d84-1e60-472e-920e-58b7c7840819-libsqlitejdbc.so
7f929c7ec000-7f929c9eb000 ---p 000e5000 08:01 802134                     /tmp/room-fa222c6b-b1db-4410-b40c-0af4958fb785/sqlite-3.20.1-c0077d84-1e60-472e-920e-58b7c7840819-libsqlitejdbc.so
7f929c9eb000-7f929c9f0000 rw-p 000e4000 08:01 802134                     /tmp/room-fa222c6b-b1db-4410-b40c-0af4958fb785/sqlite-3.20.1-c0077d84-1e60-472e-920e-58b7c7840819-libsqlitejdbc.so
7f929c9f0000-7f929cbf1000 rw-p 00000000 00:00 0 
7f929cbf1000-7f929cdf1000 rw-p 00000000 00:00 0 
7f929cf12000-7f929d112000 rw-p 00000000 00:00 0 
7f929d112000-7f929d312000 rw-p 00000000 00:00 0 
7f929d312000-7f929d512000 rw-p 00000000 00:00 0 
7f929d512000-7f929d712000 rw-p 00000000 00:00 0 
7f929d712000-7f929d715000 ---p 00000000 00:00 0 
7f929d715000-7f929d813000 rw-p 00000000 00:00 0 
7f929d813000-7f929d816000 ---p 00000000 00:00 0 
7f929d816000-7f929db14000 rw-p 00000000 00:00 0 
7f929db14000-7f929db17000 ---p 00000000 00:00 0 
7f929db17000-7f929dc15000 rw-p 00000000 00:00 0 
7f929dc15000-7f929dc18000 ---p 00000000 00:00 0 
7f929dc18000-7f929df16000 rw-p 00000000 00:00 0 
7f929df16000-7f929e116000 rw-p 00000000 00:00 0 
7f929e116000-7f929e316000 rw-p 00000000 00:00 0 
7f929e316000-7f929e516000 rw-p 00000000 00:00 0 
7f929e516000-7f929e716000 rw-p 00000000 00:00 0 
7f929e716000-7f929e916000 rw-p 00000000 00:00 0 
7f929e916000-7f929eb16000 rw-p 00000000 00:00 0 
7f929eb16000-7f929ebfb000 r-xp 00000000 08:01 802128                     /tmp/room-956a7090-82e0-4f26-965a-1ff2ea2f8beb/sqlite-3.20.1-243ffde5-eeaf-4b98-831d-8ae766622b13-libsqlitejdbc.so
7f929ebfb000-7f929edfa000 ---p 000e5000 08:01 802128                     /tmp/room-956a7090-82e0-4f26-965a-1ff2ea2f8beb/sqlite-3.20.1-243ffde5-eeaf-4b98-831d-8ae766622b13-libsqlitejdbc.so
7f929edfa000-7f929edff000 rw-p 000e4000 08:01 802128                     /tmp/room-956a7090-82e0-4f26-965a-1ff2ea2f8beb/sqlite-3.20.1-243ffde5-eeaf-4b98-831d-8ae766622b13-libsqlitejdbc.so
7f929edff000-7f929f000000 rw-p 00000000 00:00 0 
7f929f000000-7f929f200000 rw-p 00000000 00:00 0 
7f929f200000-7f929f400000 rw-p 00000000 00:00 0 
7f929f400000-7f929f600000 rw-p 00000000 00:00 0 
7f929f600000-7f929f800000 rw-p 00000000 00:00 0 
7f929f800000-7f929fa00000 rw-p 00000000 00:00 0 
7f929fa00000-7f929fc00000 rw-p 00000000 00:00 0 
7f929fc00000-7f929fe00000 rw-p 00000000 00:00 0 
7f929fe00000-7f92a0000000 rw-p 00000000 00:00 0 
7f92a0000000-7f92a0021000 rw-p 00000000 00:00 0 
7f92a0021000-7f92a4000000 ---p 00000000 00:00 0 
7f92a4000000-7f92a41e9000 rw-p 00000000 00:00 0 
7f92a41e9000-7f92a8000000 ---p 00000000 00:00 0 
7f92a8000000-7f92a929b000 rw-p 00000000 00:00 0 
7f92a929b000-7f92ac000000 ---p 00000000 00:00 0 
7f92ac000000-7f92ac34a000 rw-p 00000000 00:00 0 
7f92ac34a000-7f92b0000000 ---p 00000000 00:00 0 
7f92b00fe000-7f92b02fe000 rw-p 00000000 00:00 0 
7f92b02fe000-7f92b04fe000 rw-p 00000000 00:00 0 
7f92b04fe000-7f92b05e3000 r-xp 00000000 08:01 802125                     /tmp/room-60e07e94-4d59-44da-a523-eabfc904eb35/sqlite-3.20.1-247041de-6f49-47d2-9ce7-22bb0e4a8e35-libsqlitejdbc.so
7f92b05e3000-7f92b07e2000 ---p 000e5000 08:01 802125                     /tmp/room-60e07e94-4d59-44da-a523-eabfc904eb35/sqlite-3.20.1-247041de-6f49-47d2-9ce7-22bb0e4a8e35-libsqlitejdbc.so
7f92b07e2000-7f92b07e7000 rw-p 000e4000 08:01 802125                     /tmp/room-60e07e94-4d59-44da-a523-eabfc904eb35/sqlite-3.20.1-247041de-6f49-47d2-9ce7-22bb0e4a8e35-libsqlitejdbc.so
7f92b07e7000-7f92b09e8000 rw-p 00000000 00:00 0 
7f92b09e8000-7f92b0be8000 rw-p 00000000 00:00 0 
7f92b0be8000-7f92b0de8000 rw-p 00000000 00:00 0 
7f92b0de8000-7f92b0fe8000 rw-p 00000000 00:00 0 
7f92b11e8000-7f92b13e8000 rw-p 00000000 00:00 0 
7f92b13e8000-7f92b15e8000 rw-p 00000000 00:00 0 
7f92b1be8000-7f92b1de8000 rw-p 00000000 00:00 0 
7f92b1ed2000-7f92b20d2000 rw-p 00000000 00:00 0 
7f92b22d2000-7f92b24d2000 rw-p 00000000 00:00 0 
7f92b24d2000-7f92b26d2000 rw-p 00000000 00:00 0 
7f92b26f2000-7f92b26f5000 ---p 00000000 00:00 0 
7f92b26f5000-7f92b29f3000 rw-p 00000000 00:00 0 
7f92b29f3000-7f92b2bf3000 rw-p 00000000 00:00 0 
7f92b2bf3000-7f92b2df3000 rw-p 00000000 00:00 0 
7f92b31f3000-7f92b33f3000 rw-p 00000000 00:00 0 
7f92b36dd000-7f92b38dd000 rw-p 00000000 00:00 0 
7f92b3cfd000-7f92b3d00000 ---p 00000000 00:00 0 
7f92b3d00000-7f92b3dfe000 rw-p 00000000 00:00 0 
7f92b3dfe000-7f92b3e01000 ---p 00000000 00:00 0 
7f92b3e01000-7f92b3eff000 rw-p 00000000 00:00 0 
7f92b3eff000-7f92b3f02000 ---p 00000000 00:00 0 
7f92b3f02000-7f92b4000000 rw-p 00000000 00:00 0 
7f92b4000000-7f92b42d5000 rw-p 00000000 00:00 0 
7f92b42d5000-7f92b8000000 ---p 00000000 00:00 0 
7f92b8000000-7f92b900c000 rw-p 00000000 00:00 0 
7f92b900c000-7f92bc000000 ---p 00000000 00:00 0 
7f92bc000000-7f92bc021000 rw-p 00000000 00:00 0 
7f92bc021000-7f92c0000000 ---p 00000000 00:00 0 
7f92c0000000-7f92c1427000 rw-p 00000000 00:00 0 
7f92c1427000-7f92c4000000 ---p 00000000 00:00 0 
7f92c400a000-7f92c400d000 ---p 00000000 00:00 0 
7f92c400d000-7f92c430b000 rw-p 00000000 00:00 0 
7f92c430b000-7f92c450b000 rw-p 00000000 00:00 0 
7f92c4a21000-7f92c4b06000 r-xp 00000000 08:01 802137                     /tmp/room-4da0f3c3-37ea-4e1e-8242-b050b43a5a75/sqlite-3.20.1-0dc908b9-fc14-4c2b-be5f-43f13f1f10d8-libsqlitejdbc.so
7f92c4b06000-7f92c4d05000 ---p 000e5000 08:01 802137                     /tmp/room-4da0f3c3-37ea-4e1e-8242-b050b43a5a75/sqlite-3.20.1-0dc908b9-fc14-4c2b-be5f-43f13f1f10d8-libsqlitejdbc.so
7f92c4d05000-7f92c4d0a000 rw-p 000e4000 08:01 802137                     /tmp/room-4da0f3c3-37ea-4e1e-8242-b050b43a5a75/sqlite-3.20.1-0dc908b9-fc14-4c2b-be5f-43f13f1f10d8-libsqlitejdbc.so
7f92c4d0a000-7f92c4f0b000 rw-p 00000000 00:00 0 
7f92c4f0b000-7f92c4ff0000 r-xp 00000000 08:01 802131                     /tmp/room-f2ab3769-832b-4980-bb4f-be8bd90fe5bb/sqlite-3.20.1-f3a5613c-74a2-4fe5-8cab-221d45f5d719-libsqlitejdbc.so
7f92c4ff0000-7f92c51ef000 ---p 000e5000 08:01 802131                     /tmp/room-f2ab3769-832b-4980-bb4f-be8bd90fe5bb/sqlite-3.20.1-f3a5613c-74a2-4fe5-8cab-221d45f5d719-libsqlitejdbc.so
7f92c51ef000-7f92c51f4000 rw-p 000e4000 08:01 802131                     /tmp/room-f2ab3769-832b-4980-bb4f-be8bd90fe5bb/sqlite-3.20.1-f3a5613c-74a2-4fe5-8cab-221d45f5d719-libsqlitejdbc.so
7f92c51f4000-7f92c51f5000 rw-p 00000000 00:00 0 
7f92c53f5000-7f92c55f5000 rw-p 00000000 00:00 0 
7f92c55f5000-7f92c57f5000 rw-p 00000000 00:00 0 
7f92c57f5000-7f92c59f5000 rw-p 00000000 00:00 0 
7f92c59f5000-7f92c5bf5000 rw-p 00000000 00:00 0 
7f92c5bf5000-7f92c5df5000 rw-p 00000000 00:00 0 
7f92c5e15000-7f92c5e18000 ---p 00000000 00:00 0 
7f92c5e18000-7f92c6116000 rw-p 00000000 00:00 0 
7f92c6116000-7f92c6316000 rw-p 00000000 00:00 0 
7f92c6316000-7f92c6516000 rw-p 00000000 00:00 0 
7f92c6516000-7f92c6716000 rw-p 00000000 00:00 0 
7f92c6716000-7f92c6916000 rw-p 00000000 00:00 0 
7f92c6916000-7f92c6b16000 rw-p 00000000 00:00 0 
7f92c6b16000-7f92c6d16000 rw-p 00000000 00:00 0 
7f92c6d16000-7f92c6f16000 rw-p 00000000 00:00 0 
7f92c6f16000-7f92c7116000 rw-p 00000000 00:00 0 
7f92c7200000-7f92c7400000 rw-p 00000000 00:00 0 
7f92c7400000-7f92c7600000 rw-p 00000000 00:00 0 
7f92c7600000-7f92c7800000 rw-p 00000000 00:00 0 
7f92c7800000-7f92c7a00000 rw-p 00000000 00:00 0 
7f92c7a00000-7f92c7c00000 rw-p 00000000 00:00 0 
7f92c7c00000-7f92c7e00000 rw-p 00000000 00:00 0 
7f92c7e00000-7f92c8000000 rw-p 00000000 00:00 0 
7f92c8000000-7f92c8021000 rw-p 00000000 00:00 0 
7f92c8021000-7f92cc000000 ---p 00000000 00:00 0 
7f92cc000000-7f92cd692000 rw-p 00000000 00:00 0 
7f92cd692000-7f92d0000000 ---p 00000000 00:00 0 
7f92d0000000-7f92d0021000 rw-p 00000000 00:00 0 
7f92d0021000-7f92d4000000 ---p 00000000 00:00 0 
7f92d4000000-7f92d4d0c000 rw-p 00000000 00:00 0 
7f92d4d0c000-7f92d8000000 ---p 00000000 00:00 0 
7f92d8000000-7f92d911e000 rw-p 00000000 00:00 0 
7f92d911e000-7f92dc000000 ---p 00000000 00:00 0 
7f92dc000000-7f92dc021000 rw-p 00000000 00:00 0 
7f92dc021000-7f92e0000000 ---p 00000000 00:00 0 
7f92e0000000-7f92e0021000 rw-p 00000000 00:00 0 
7f92e0021000-7f92e4000000 ---p 00000000 00:00 0 
7f92e4000000-7f92e42ca000 rw-p 00000000 00:00 0 
7f92e42ca000-7f92e8000000 ---p 00000000 00:00 0 
7f92e8000000-7f92e8021000 rw-p 00000000 00:00 0 
7f92e8021000-7f92ec000000 ---p 00000000 00:00 0 
7f92ec000000-7f92ec021000 rw-p 00000000 00:00 0 
7f92ec021000-7f92f0000000 ---p 00000000 00:00 0 
7f92f0000000-7f92f2936000 rw-p 00000000 00:00 0 
7f92f2936000-7f92f4000000 ---p 00000000 00:00 0 
7f92f4000000-7f92f5b23000 rw-p 00000000 00:00 0 
7f92f5b23000-7f92f8000000 ---p 00000000 00:00 0 
7f92f8000000-7f92f8021000 rw-p 00000000 00:00 0 
7f92f8021000-7f92fc000000 ---p 00000000 00:00 0 
7f92fc000000-7f92fe29f000 rw-p 00000000 00:00 0 
7f92fe29f000-7f9300000000 ---p 00000000 00:00 0 
7f9300000000-7f9300021000 rw-p 00000000 00:00 0 
7f9300021000-7f9304000000 ---p 00000000 00:00 0 
7f9304000000-7f9304021000 rw-p 00000000 00:00 0 
7f9304021000-7f9308000000 ---p 00000000 00:00 0 
7f9308000000-7f9308034000 rw-p 00000000 00:00 0 
7f9308034000-7f930c000000 ---p 00000000 00:00 0 
7f930c000000-7f930c2c9000 rw-p 00000000 00:00 0 
7f930c2c9000-7f9310000000 ---p 00000000 00:00 0 
7f9310000000-7f931005a000 rw-p 00000000 00:00 0 
7f931005a000-7f9314000000 ---p 00000000 00:00 0 
7f931407c000-7f931408f000 r--s 00345000 08:01 1843197                    /home/mostafa/Desktop/android-studio/jre/jre/lib/resources.jar
7f93140fe000-7f9314101000 ---p 00000000 00:00 0 
7f9314101000-7f93143ff000 rw-p 00000000 00:00 0 
7f93143ff000-7f93145ff000 rw-p 00000000 00:00 0 
7f93145ff000-7f93147ff000 rw-p 00000000 00:00 0 
7f93147ff000-7f93149ff000 rw-p 00000000 00:00 0 
7f93149ff000-7f9314bff000 rw-p 00000000 00:00 0 
7f9314bff000-7f9314dff000 rw-p 00000000 00:00 0 
7f9314dff000-7f9314fff000 rw-p 00000000 00:00 0 
7f9314fff000-7f9318000000 rw-p 00000000 00:00 0 
7f9318000000-7f9318042000 rw-p 00000000 00:00 0 
7f9318042000-7f931c000000 ---p 00000000 00:00 0 
7f931c0d7000-7f931c2cd000 rw-p 00000000 00:00 0 
7f931c2cd000-7f931c2d7000 ---p 00000000 00:00 0 
7f931c2d7000-7f931c4d7000 rw-p 00000000 00:00 0 
7f931c4d7000-7f931c6d7000 rw-p 00000000 00:00 0 
7f931c7d3000-7f931c7d6000 ---p 00000000 00:00 0 
7f931c7d6000-7f931c8d4000 rw-p 00000000 00:00 0 
7f931c8d4000-7f931c8db000 r--s 00050000 08:01 657514                     /home/mostafa/.gradle/caches/modules-2/files-2.1/org.jetbrains.kotlin/kotlin-annotation-processing-gradle/1.3.21/225aacd70ddfe71c72796bb317b3f12254c1ff3a/kotlin-annotation-processing-gradle-1.3.21.jar
7f931c8db000-7f931c8e3000 r--s 0004d000 08:01 657515                     /home/mostafa/.gradle/caches/modules-2/files-2.1/org.jetbrains.kotlin/kotlin-android-extensions/1.3.21/311c0d1cbb0a194e8712edaef7b92a8f0919ca26/kotlin-android-extensions-1.3.21.jar
7f931c8e3000-7f931cae3000 rw-p 00000000 00:00 0 
7f931cae3000-7f931cce3000 rw-p 00000000 00:00 0 
7f931cce3000-7f931cee3000 rw-p 00000000 00:00 0 
7f931cee3000-7f931d0e3000 rw-p 00000000 00:00 0 
7f931d0e3000-7f931d2e3000 rw-p 00000000 00:00 0 
7f931d2e3000-7f931d4e3000 rw-p 00000000 00:00 0 
7f931d4e3000-7f931d6e3000 rw-p 00000000 00:00 0 
7f931d6e3000-7f931d6e6000 ---p 00000000 00:00 0 
7f931d6e6000-7f931d7e4000 rw-p 00000000 00:00 0 
7f931d7e4000-7f931d7e7000 ---p 00000000 00:00 0 
7f931d7e7000-7f931d8e5000 rw-p 00000000 00:00 0 
7f931d8e5000-7f931d8e8000 ---p 00000000 00:00 0 
7f931d8e8000-7f931dbe6000 rw-p 00000000 00:00 0 
7f931dbe6000-7f931dbe9000 ---p 00000000 00:00 0 
7f931dbe9000-7f931dce7000 rw-p 00000000 00:00 0 
7f931dce7000-7f931dcea000 ---p 00000000 00:00 0 
7f931dcea000-7f931dde8000 rw-p 00000000 00:00 0 
7f931dde8000-7f931ddeb000 ---p 00000000 00:00 0 
7f931ddeb000-7f931dee9000 rw-p 00000000 00:00 0 
7f931dee9000-7f931deec000 ---p 00000000 00:00 0 
7f931deec000-7f931dfea000 rw-p 00000000 00:00 0 
7f931dfea000-7f931dfed000 ---p 00000000 00:00 0 
7f931dfed000-7f931e0eb000 rw-p 00000000 00:00 0 
7f931e0eb000-7f931e0ee000 ---p 00000000 00:00 0 
7f931e0ee000-7f931e1ec000 rw-p 00000000 00:00 0 
7f931e1ec000-7f931e1f1000 r--s 0009a000 08:01 1843272                    /home/mostafa/Desktop/android-studio/jre/jre/lib/jsse.jar
7f931e1f1000-7f931e26b000 r--s 010fd000 08:01 1843318                    /home/mostafa/Desktop/android-studio/jre/lib/tools.jar
7f931e26b000-7f931e276000 r--s 00081000 08:01 657578                     /home/mostafa/.gradle/caches/modules-2/files-2.1/org.jetbrains.intellij.deps/trove4j/1.0.20181211/216c2e14b070f334479d800987affe4054cd563f/trove4j-1.0.20181211.jar
7f931e276000-7f931e280000 r--s 00116000 08:01 1843284                    /home/mostafa/Desktop/android-studio/jre/jre/lib/ext/localedata.jar
7f931e280000-7f931e29b000 r--s 00394000 08:01 1843277                    /home/mostafa/Desktop/android-studio/jre/jre/lib/ext/cldrdata.jar
7f931e29b000-7f931e2b1000 r-xp 00000000 08:01 1843252                    /home/mostafa/Desktop/android-studio/jre/jre/lib/amd64/libnet.so
7f931e2b1000-7f931e2b2000 rw-p 00016000 08:01 1843252                    /home/mostafa/Desktop/android-studio/jre/jre/lib/amd64/libnet.so
7f931e2b2000-7f931e2c2000 r-xp 00000000 08:01 1843242                    /home/mostafa/Desktop/android-studio/jre/jre/lib/amd64/libnio.so
7f931e2c2000-7f931e2c3000 rw-p 00010000 08:01 1843242                    /home/mostafa/Desktop/android-studio/jre/jre/lib/amd64/libnio.so
7f931e2c3000-7f931e2fa000 r--s 00255000 08:01 657517                     /home/mostafa/.gradle/caches/modules-2/files-2.1/org.jetbrains.kotlin/kotlin-reflect/1.3.21/d0d5ff2ac2ebd8a42697af41e20fc225a23c5d3b/kotlin-reflect-1.3.21.jar
7f931e2fa000-7f931e33b000 rw-p 00000000 00:00 0 
7f931e33b000-7f931e51a000 r--s 01b19000 08:01 657516                     /home/mostafa/.gradle/caches/modules-2/files-2.1/org.jetbrains.kotlin/kotlin-compiler-embeddable/1.3.21/677cc9553b8964c895abc76da9b6a0faea8f671d/kotlin-compiler-embeddable-1.3.21.jar
7f931e51a000-7f931e51b000 ---p 00000000 00:00 0 
7f931e51b000-7f931e61b000 rw-p 00000000 00:00 0 
7f931e61b000-7f931e61e000 ---p 00000000 00:00 0 
7f931e61e000-7f931e71c000 rw-p 00000000 00:00 0 
7f931e71c000-7f931e71d000 ---p 00000000 00:00 0 
7f931e71d000-7f931e720000 ---p 00000000 00:00 0 
7f931e720000-7f931e81d000 rw-p 00000000 00:00 0 
7f931e81d000-7f931e81e000 ---p 00000000 00:00 0 
7f931e81e000-7f931e821000 ---p 00000000 00:00 0 
7f931e821000-7f931e91e000 rw-p 00000000 00:00 0 
7f931e91e000-7f931e91f000 ---p 00000000 00:00 0 
7f931e91f000-7f931e922000 ---p 00000000 00:00 0 
7f931e922000-7f931ea1f000 rw-p 00000000 00:00 0 
7f931ea1f000-7f931ea22000 ---p 00000000 00:00 0 
7f931ea22000-7f931eb20000 rw-p 00000000 00:00 0 
7f931eb20000-7f931ecbb000 r--p 00000000 08:01 787782                     /usr/lib/locale/locale-archive
7f931ecbb000-7f931ecbe000 ---p 00000000 00:00 0 
7f931ecbe000-7f931edbc000 rw-p 00000000 00:00 0 
7f931edbc000-7f931edbf000 ---p 00000000 00:00 0 
7f931edbf000-7f931eebd000 rw-p 00000000 00:00 0 
7f931eebd000-7f931eebe000 ---p 00000000 00:00 0 
7f931eebe000-7f931fe2f000 rw-p 00000000 00:00 0 
7f931fe2f000-7f9320000000 r--s 03c8a000 08:01 1843216                    /home/mostafa/Desktop/android-studio/jre/jre/lib/rt.jar
7f9320000000-7f9320021000 rw-p 00000000 00:00 0 
7f9320021000-7f9324000000 ---p 00000000 00:00 0 
7f9324002000-7f9324009000 r--s 0001f000 08:01 657576                     /home/mostafa/.gradle/caches/modules-2/files-2.1/org.jetbrains.kotlin/kotlin-stdlib-common/1.3.21/f30e4a9897913e53d778f564110bafa1fef46643/kotlin-stdlib-common-1.3.21.jar
7f9324009000-7f9324011000 r-xp 00000000 08:01 1843218                    /home/mostafa/Desktop/android-studio/jre/jre/lib/amd64/libmanagement.so
7f9324011000-7f9324012000 rw-p 00007000 08:01 1843218                    /home/mostafa/Desktop/android-studio/jre/jre/lib/amd64/libmanagement.so
7f9324012000-7f9327d05000 rw-p 00000000 00:00 0 
7f9327d05000-7f9327d06000 ---p 00000000 00:00 0 
7f9327d06000-7f9327e06000 rw-p 00000000 00:00 0 
7f9327e06000-7f9327e07000 ---p 00000000 00:00 0 
7f9327e07000-7f9327f07000 rw-p 00000000 00:00 0 
7f9327f07000-7f9327f08000 ---p 00000000 00:00 0 
7f9327f08000-7f9328008000 rw-p 00000000 00:00 0 
7f9328008000-7f9328009000 ---p 00000000 00:00 0 
7f9328009000-7f932819c000 rw-p 00000000 00:00 0 
7f932819c000-7f9328309000 ---p 00000000 00:00 0 
7f9328309000-7f932839c000 rw-p 00000000 00:00 0 
7f932839c000-7f9328509000 ---p 00000000 00:00 0 
7f9328509000-7f9328603000 rw-p 00000000 00:00 0 
7f9328603000-7f9328609000 ---p 00000000 00:00 0 
7f9328609000-7f932878d000 rw-p 00000000 00:00 0 
7f932878d000-7f93289ca000 ---p 00000000 00:00 0 
7f93289ca000-7f932ea5a000 rwxp 00000000 00:00 0 
7f932ea5a000-7f93379ca000 ---p 00000000 00:00 0 
7f93379ca000-7f93379d5000 r-xp 00000000 08:01 2622243                    /lib/x86_64-linux-gnu/libnss_files-2.27.so
7f93379d5000-7f9337bd4000 ---p 0000b000 08:01 2622243                    /lib/x86_64-linux-gnu/libnss_files-2.27.so
7f9337bd4000-7f9337bd5000 r--p 0000a000 08:01 2622243                    /lib/x86_64-linux-gnu/libnss_files-2.27.so
7f9337bd5000-7f9337bd6000 rw-p 0000b000 08:01 2622243                    /lib/x86_64-linux-gnu/libnss_files-2.27.so
7f9337bd6000-7f9337bdc000 rw-p 00000000 00:00 0 
7f9337bdc000-7f9337bf1000 r-xp 00000000 08:01 2622240                    /lib/x86_64-linux-gnu/libnsl-2.27.so
7f9337bf1000-7f9337df0000 ---p 00015000 08:01 2622240                    /lib/x86_64-linux-gnu/libnsl-2.27.so
7f9337df0000-7f9337df1000 r--p 00014000 08:01 2622240                    /lib/x86_64-linux-gnu/libnsl-2.27.so
7f9337df1000-7f9337df2000 rw-p 00015000 08:01 2622240                    /lib/x86_64-linux-gnu/libnsl-2.27.so
7f9337df2000-7f9337df4000 rw-p 00000000 00:00 0 
7f9337df4000-7f9337dff000 r-xp 00000000 08:01 2622245                    /lib/x86_64-linux-gnu/libnss_nis-2.27.so
7f9337dff000-7f9337ffe000 ---p 0000b000 08:01 2622245                    /lib/x86_64-linux-gnu/libnss_nis-2.27.so
7f9337ffe000-7f9337fff000 r--p 0000a000 08:01 2622245                    /lib/x86_64-linux-gnu/libnss_nis-2.27.so
7f9337fff000-7f9338000000 rw-p 0000b000 08:01 2622245                    /lib/x86_64-linux-gnu/libnss_nis-2.27.so
7f9338000000-7f9338405000 rw-p 00000000 00:00 0 
7f9338405000-7f933c000000 ---p 00000000 00:00 0 
7f933c000000-7f933c04e000 rw-p 00000000 00:00 0 
7f933c04e000-7f933c055000 r-xp 00000000 08:01 2622241                    /lib/x86_64-linux-gnu/libnss_compat-2.27.so
7f933c055000-7f933c254000 ---p 00007000 08:01 2622241                    /lib/x86_64-linux-gnu/libnss_compat-2.27.so
7f933c254000-7f933c255000 r--p 00006000 08:01 2622241                    /lib/x86_64-linux-gnu/libnss_compat-2.27.so
7f933c255000-7f933c256000 rw-p 00007000 08:01 2622241                    /lib/x86_64-linux-gnu/libnss_compat-2.27.so
7f933c256000-7f933c25d000 r-xp 00000000 08:01 2622250                    /lib/x86_64-linux-gnu/librt-2.27.so
7f933c25d000-7f933c45c000 ---p 00007000 08:01 2622250                    /lib/x86_64-linux-gnu/librt-2.27.so
7f933c45c000-7f933c45d000 r--p 00006000 08:01 2622250                    /lib/x86_64-linux-gnu/librt-2.27.so
7f933c45d000-7f933c45e000 rw-p 00007000 08:01 2622250                    /lib/x86_64-linux-gnu/librt-2.27.so
7f933c45e000-7f933c5f0000 r-xp 00000000 08:01 2622237                    /lib/x86_64-linux-gnu/libm-2.27.so
7f933c5f0000-7f933c7ef000 ---p 00192000 08:01 2622237                    /lib/x86_64-linux-gnu/libm-2.27.so
7f933c7ef000-7f933c7f0000 r--p 00191000 08:01 2622237                    /lib/x86_64-linux-gnu/libm-2.27.so
7f933c7f0000-7f933c7f1000 rw-p 00192000 08:01 2622237                    /lib/x86_64-linux-gnu/libm-2.27.so
7f933c7f1000-7f933d409000 r-xp 00000000 08:01 1843224                    /home/mostafa/Desktop/android-studio/jre/jre/lib/amd64/server/libjvm.so
7f933d409000-7f933d4d8000 rw-p 00c18000 08:01 1843224                    /home/mostafa/Desktop/android-studio/jre/jre/lib/amd64/server/libjvm.so
7f933d4d8000-7f933d51d000 rw-p 00000000 00:00 0 
7f933d51d000-7f933d6ce000 r-xp 00000000 08:01 2622233                    /lib/x86_64-linux-gnu/libc-2.27.so
7f933d6ce000-7f933d8cd000 ---p 001b1000 08:01 2622233                    /lib/x86_64-linux-gnu/libc-2.27.so
7f933d8cd000-7f933d8d1000 r--p 001b0000 08:01 2622233                    /lib/x86_64-linux-gnu/libc-2.27.so
7f933d8d1000-7f933d8d3000 rw-p 001b4000 08:01 2622233                    /lib/x86_64-linux-gnu/libc-2.27.so
7f933d8d3000-7f933d8d7000 rw-p 00000000 00:00 0 
7f933d8d7000-7f933d8da000 r-xp 00000000 08:01 2622236                    /lib/x86_64-linux-gnu/libdl-2.27.so
7f933d8da000-7f933dad9000 ---p 00003000 08:01 2622236                    /lib/x86_64-linux-gnu/libdl-2.27.so
7f933dad9000-7f933dada000 r--p 00002000 08:01 2622236                    /lib/x86_64-linux-gnu/libdl-2.27.so
7f933dada000-7f933dadb000 rw-p 00003000 08:01 2622236                    /lib/x86_64-linux-gnu/libdl-2.27.so
7f933dadb000-7f933daf4000 r-xp 00000000 08:01 2622248                    /lib/x86_64-linux-gnu/libpthread-2.27.so
7f933daf4000-7f933dcf3000 ---p 00019000 08:01 2622248                    /lib/x86_64-linux-gnu/libpthread-2.27.so
7f933dcf3000-7f933dcf4000 r--p 00018000 08:01 2622248                    /lib/x86_64-linux-gnu/libpthread-2.27.so
7f933dcf4000-7f933dcf5000 rw-p 00019000 08:01 2622248                    /lib/x86_64-linux-gnu/libpthread-2.27.so
7f933dcf5000-7f933dcf9000 rw-p 00000000 00:00 0 
7f933dcf9000-7f933dd1e000 r-xp 00000000 08:01 2622227                    /lib/x86_64-linux-gnu/ld-2.27.so
7f933dd22000-7f933dd35000 r--s 0010f000 08:01 657519                     /home/mostafa/.gradle/caches/modules-2/files-2.1/org.jetbrains.kotlin/kotlin-stdlib/1.3.21/4bcc2012b84840e19e1e28074284cac908be0295/kotlin-stdlib-1.3.21.jar
7f933dd35000-7f933dd9c000 rw-p 00000000 00:00 0 
7f933dd9c000-7f933ddb6000 r-xp 00000000 08:01 1843251                    /home/mostafa/Desktop/android-studio/jre/jre/lib/amd64/libzip.so
7f933ddb6000-7f933ddb7000 rw-p 00019000 08:01 1843251                    /home/mostafa/Desktop/android-studio/jre/jre/lib/amd64/libzip.so
7f933ddb7000-7f933dde2000 r-xp 00000000 08:01 1843249                    /home/mostafa/Desktop/android-studio/jre/jre/lib/amd64/libjava.so
7f933dde2000-7f933dde4000 rw-p 0002b000 08:01 1843249                    /home/mostafa/Desktop/android-studio/jre/jre/lib/amd64/libjava.so
7f933dde4000-7f933dde5000 ---p 00000000 00:00 0 
7f933dde5000-7f933dde8000 ---p 00000000 00:00 0 
7f933dde8000-7f933dee7000 rw-p 00000000 00:00 0 
7f933dee7000-7f933defc000 r-xp 00000000 08:01 1843254                    /home/mostafa/Desktop/android-studio/jre/jre/lib/amd64/jli/libjli.so
7f933defc000-7f933defd000 rw-p 00015000 08:01 1843254                    /home/mostafa/Desktop/android-studio/jre/jre/lib/amd64/jli/libjli.so
7f933defe000-7f933df00000 r--s 00003000 08:01 657579                     /home/mostafa/.gradle/caches/modules-2/files-2.1/org.jetbrains/annotations/13.0/919f0dfe192fb4e063e7dacadee7f8bb9a2672a9/annotations-13.0.jar
7f933df00000-7f933df02000 r--s 00009000 08:01 657577                     /home/mostafa/.gradle/caches/modules-2/files-2.1/org.jetbrains.kotlin/kotlin-script-runtime/1.3.21/29363d474ee6fda354900636320a177c7286def9/kotlin-script-runtime-1.3.21.jar
7f933df02000-7f933df0a000 rw-s 00000000 08:01 802110                     /tmp/hsperfdata_mostafa/10134
7f933df0a000-7f933df0b000 rw-p 00000000 00:00 0 
7f933df0b000-7f933df0c000 r--p 00000000 00:00 0 
7f933df0c000-7f933df19000 r-xp 00000000 08:01 1843231                    /home/mostafa/Desktop/android-studio/jre/jre/lib/amd64/libverify.so
7f933df19000-7f933df1b000 rw-p 0000c000 08:01 1843231                    /home/mostafa/Desktop/android-studio/jre/jre/lib/amd64/libverify.so
7f933df1b000-7f933df1d000 rw-p 00000000 00:00 0 
7f933df1d000-7f933df1e000 r--p 00024000 08:01 2622227                    /lib/x86_64-linux-gnu/ld-2.27.so
7f933df1e000-7f933df1f000 rw-p 00025000 08:01 2622227                    /lib/x86_64-linux-gnu/ld-2.27.so
7f933df1f000-7f933df20000 rw-p 00000000 00:00 0 
7ffd4b58d000-7ffd4b5b0000 rw-p 00000000 00:00 0                          [stack]
7ffd4b5e3000-7ffd4b5e6000 r--p 00000000 00:00 0                          [vvar]
7ffd4b5e6000-7ffd4b5e8000 r-xp 00000000 00:00 0                          [vdso]
ffffffffff600000-ffffffffff601000 r-xp 00000000 00:00 0                  [vsyscall]

VM Arguments:
jvm_args: -Djava.awt.headless=true -Djava.rmi.server.hostname=127.0.0.1 -Xmx1536m -Dkotlin.environment.keepalive -Dawt.useSystemAAFontSettings=gasp 
java_command: org.jetbrains.kotlin.daemon.KotlinCompileDaemon --daemon-runFilesPath /home/mostafa/.local/share/kotlin/daemon --daemon-autoshutdownIdleSeconds=7200 --daemon-compilerClasspath /home/mostafa/.gradle/caches/modules-2/files-2.1/org.jetbrains.kotlin/kotlin-compiler-embeddable/1.3.21/677cc9553b8964c895abc76da9b6a0faea8f671d/kotlin-compiler-embeddable-1.3.21.jar:/home/mostafa/.gradle/caches/modules-2/files-2.1/org.jetbrains.kotlin/kotlin-reflect/1.3.21/d0d5ff2ac2ebd8a42697af41e20fc225a23c5d3b/kotlin-reflect-1.3.21.jar:/home/mostafa/.gradle/caches/modules-2/files-2.1/org.jetbrains.kotlin/kotlin-stdlib/1.3.21/4bcc2012b84840e19e1e28074284cac908be0295/kotlin-stdlib-1.3.21.jar:/home/mostafa/.gradle/caches/modules-2/files-2.1/org.jetbrains.kotlin/kotlin-script-runtime/1.3.21/29363d474ee6fda354900636320a177c7286def9/kotlin-script-runtime-1.3.21.jar:/home/mostafa/.gradle/caches/modules-2/files-2.1/org.jetbrains.intellij.deps/trove4j/1.0.20181211/216c2e14b070f334479d800987affe4054cd563f/trove4j-1.0.20181211.jar:/home/mostafa/.gradle/caches/modules-2/files-2.1/org.jetbrains.kotlin/kotlin-stdlib-common/1.3.21/f30e4a9897913e53d778f564110bafa1fef46643/kotlin-stdlib-common-1.3.21.jar:/home/mostafa/.gradle/caches/modules-2/files-2.1/org.jetbrains/annotations/13.0/919f0dfe192fb4e063e7dacadee7f8bb9a2672a9/annotations-13.0.jar:/home/mostafa/Desktop/android-studio/jre/lib/tools.jar
java_class_path (initial): /home/mostafa/.gradle/caches/modules-2/files-2.1/org.jetbrains.kotlin/kotlin-compiler-embeddable/1.3.21/677cc9553b8964c895abc76da9b6a0faea8f671d/kotlin-compiler-embeddable-1.3.21.jar:/home/mostafa/.gradle/caches/modules-2/files-2.1/org.jetbrains.kotlin/kotlin-reflect/1.3.21/d0d5ff2ac2ebd8a42697af41e20fc225a23c5d3b/kotlin-reflect-1.3.21.jar:/home/mostafa/.gradle/caches/modules-2/files-2.1/org.jetbrains.kotlin/kotlin-stdlib/1.3.21/4bcc2012b84840e19e1e28074284cac908be0295/kotlin-stdlib-1.3.21.jar:/home/mostafa/.gradle/caches/modules-2/files-2.1/org.jetbrains.kotlin/kotlin-script-runtime/1.3.21/29363d474ee6fda354900636320a177c7286def9/kotlin-script-runtime-1.3.21.jar:/home/mostafa/.gradle/caches/modules-2/files-2.1/org.jetbrains.intellij.deps/trove4j/1.0.20181211/216c2e14b070f334479d800987affe4054cd563f/trove4j-1.0.20181211.jar:/home/mostafa/.gradle/caches/modules-2/files-2.1/org.jetbrains.kotlin/kotlin-stdlib-common/1.3.21/f30e4a9897913e53d778f564110bafa1fef46643/kotlin-stdlib-common-1.3.21.jar:/home/mostafa/.gradle/caches/modules-2/files-2.1/org.jetbrains/annotations/13.0/919f0dfe192fb4e063e7dacadee7f8bb9a2672a9/annotations-13.0.jar:/home/mostafa/Desktop/android-studio/jre/lib/tools.jar
Launcher Type: SUN_STANDARD

Environment Variables:
_JAVA_OPTIONS=  -Dawt.useSystemAAFontSettings=gasp
PATH=/usr/local/bin:/usr/bin:/bin:/usr/local/games:/usr/games:/sbin:/usr/sbin:/opt/android-sdk/platform-tools:/opt/android-sdk/tools:/opt/android-sdk/tools/bin
SHELL=/bin/bash
DISPLAY=:0

Signal Handlers:
SIGSEGV: [libjvm.so+0xa00760], sa_mask[0]=11111111011111111101111111111110, sa_flags=SA_RESTART|SA_SIGINFO
SIGBUS: [libjvm.so+0xa00760], sa_mask[0]=11111111011111111101111111111110, sa_flags=SA_RESTART|SA_SIGINFO
SIGFPE: [libjvm.so+0x863090], sa_mask[0]=11111111011111111101111111111110, sa_flags=SA_RESTART|SA_SIGINFO
SIGPIPE: [libjvm.so+0x863090], sa_mask[0]=11111111011111111101111111111110, sa_flags=SA_RESTART|SA_SIGINFO
SIGXFSZ: [libjvm.so+0x863090], sa_mask[0]=11111111011111111101111111111110, sa_flags=SA_RESTART|SA_SIGINFO
SIGILL: [libjvm.so+0x863090], sa_mask[0]=11111111011111111101111111111110, sa_flags=SA_RESTART|SA_SIGINFO
SIGUSR1: SIG_DFL, sa_mask[0]=00000000000000000000000000000000, sa_flags=none
SIGUSR2: [libjvm.so+0x862f60], sa_mask[0]=00100000000000000000000000000000, sa_flags=SA_RESTART|SA_SIGINFO
SIGHUP: [libjvm.so+0x863150], sa_mask[0]=11111111011111111101111111111110, sa_flags=SA_RESTART|SA_SIGINFO
SIGINT: [libjvm.so+0x863150], sa_mask[0]=11111111011111111101111111111110, sa_flags=SA_RESTART|SA_SIGINFO
SIGTERM: [libjvm.so+0x863150], sa_mask[0]=11111111011111111101111111111110, sa_flags=SA_RESTART|SA_SIGINFO
SIGQUIT: [libjvm.so+0x863150], sa_mask[0]=11111111011111111101111111111110, sa_flags=SA_RESTART|SA_SIGINFO


---------------  S Y S T E M  ---------------

OS:DISTRIB_ID=Deepin
DISTRIB_RELEASE="15.8"
DISTRIB_DESCRIPTION="Deepin 15.8 "
DISTRIB_CODENAME=unstable

uname:Linux 4.15.0-29deepin-generic #31 SMP Fri Jul 27 07:12:08 UTC 2018 x86_64
libc:glibc 2.27 NPTL 2.27 
rlimit: STACK 8192k, CORE 0k, NPROC 23145, NOFILE 1048576, AS infinity
load average:37.03 26.28 13.09

/proc/meminfo:
MemTotal:        5980012 kB
MemFree:          625024 kB
MemAvailable:     783260 kB
Buffers:           34068 kB
Cached:           521020 kB
SwapCached:      1000260 kB
Active:          4023748 kB
Inactive:        1079252 kB
Active(anon):    3912464 kB
Inactive(anon):   855028 kB
Active(file):     111284 kB
Inactive(file):   224224 kB
Unevictable:          32 kB
Mlocked:              32 kB
SwapTotal:       3404796 kB
SwapFree:        2331732 kB
Dirty:              2532 kB
Writeback:             0 kB
AnonPages:       3918388 kB
Mapped:           147464 kB
Shmem:            219512 kB
Slab:             148272 kB
SReclaimable:      68572 kB
SUnreclaim:        79700 kB
KernelStack:        9936 kB
PageTables:        32260 kB
NFS_Unstable:          0 kB
Bounce:                0 kB
WritebackTmp:          0 kB
CommitLimit:     6394800 kB
Committed_AS:    6389972 kB
VmallocTotal:   34359738367 kB
VmallocUsed:           0 kB
VmallocChunk:          0 kB
HardwareCorrupted:     0 kB
AnonHugePages:         0 kB
ShmemHugePages:        0 kB
ShmemPmdMapped:        0 kB
CmaTotal:              0 kB
CmaFree:               0 kB
HugePages_Total:       0
HugePages_Free:        0
HugePages_Rsvd:        0
HugePages_Surp:        0
Hugepagesize:       2048 kB
DirectMap4k:      228816 kB
DirectMap2M:     5941248 kB


CPU:total 4 (initial active 4) (2 cores per cpu, 2 threads per core) family 6 model 42 stepping 7, cmov, cx8, fxsr, mmx, sse, sse2, sse3, ssse3, sse4.1, sse4.2, popcnt, avx, aes, clmul, ht, tsc, tscinvbit

/proc/cpuinfo:
processor	: 0
vendor_id	: GenuineIntel
cpu family	: 6
model		: 42
model name	: Intel(R) Core(TM) i5-2520M CPU @ 2.50GHz
stepping	: 7
microcode	: 0x23
cpu MHz		: 2638.282
cache size	: 3072 KB
physical id	: 0
siblings	: 4
core id		: 0
cpu cores	: 2
apicid		: 0
initial apicid	: 0
fpu		: yes
fpu_exception	: yes
cpuid level	: 13
wp		: yes
flags		: fpu vme de pse tsc msr pae mce cx8 apic sep mtrr pge mca cmov pat pse36 clflush dts acpi mmx fxsr sse sse2 ss ht tm pbe syscall nx rdtscp lm constant_tsc arch_perfmon pebs bts rep_good nopl xtopology nonstop_tsc cpuid aperfmperf pni pclmulqdq dtes64 monitor ds_cpl vmx smx est tm2 ssse3 cx16 xtpr pdcm pcid sse4_1 sse4_2 x2apic popcnt tsc_deadline_timer aes xsave avx lahf_lm epb pti tpr_shadow vnmi flexpriority ept vpid xsaveopt dtherm ida arat pln pts
bugs		: cpu_meltdown spectre_v1 spectre_v2 spec_store_bypass
bogomips	: 4988.93
clflush size	: 64
cache_alignment	: 64
address sizes	: 36 bits physical, 48 bits virtual
power management:

processor	: 1
vendor_id	: GenuineIntel
cpu family	: 6
model		: 42
model name	: Intel(R) Core(TM) i5-2520M CPU @ 2.50GHz
stepping	: 7
microcode	: 0x23
cpu MHz		: 2944.191
cache size	: 3072 KB
physical id	: 0
siblings	: 4
core id		: 1
cpu cores	: 4
apicid		: 2
initial apicid	: 2
fpu		: yes
fpu_exception	: yes
cpuid level	: 13
wp		: yes
flags		: fpu vme de pse tsc msr pae mce cx8 apic sep mtrr pge mca cmov pat pse36 clflush dts acpi mmx fxsr sse sse2 ss ht tm pbe syscall nx rdtscp lm constant_tsc arch_perfmon pebs bts rep_good nopl xtopology nonstop_tsc cpuid aperfmperf pni pclmulqdq dtes64 monitor ds_cpl vmx smx est tm2 ssse3 cx16 xtpr pdcm pcid sse4_1 sse4_2 x2apic popcnt tsc_deadline_timer aes xsave avx lahf_lm epb pti tpr_shadow vnmi flexpriority ept vpid xsaveopt dtherm ida arat pln pts
bugs		: cpu_meltdown spectre_v1 spectre_v2 spec_store_bypass
bogomips	: 4988.93
clflush size	: 64
cache_alignment	: 64
address sizes	: 36 bits physical, 48 bits virtual
power management:

processor	: 2
vendor_id	: GenuineIntel
cpu family	: 6
model		: 42
model name	: Intel(R) Core(TM) i5-2520M CPU @ 2.50GHz
stepping	: 7
microcode	: 0x23
cpu MHz		: 2475.371
cache size	: 3072 KB
physical id	: 0
siblings	: 4
core id		: 0
cpu cores	: 2
apicid		: 1
initial apicid	: 1
fpu		: yes
fpu_exception	: yes
cpuid level	: 13
wp		: yes
flags		: fpu vme de pse tsc msr pae mce cx8 apic sep mtrr pge mca cmov pat pse36 clflush dts acpi mmx fxsr sse sse2 ss ht tm pbe syscall nx rdtscp lm constant_tsc arch_perfmon pebs bts rep_good nopl xtopology nonstop_tsc cpuid aperfmperf pni pclmulqdq dtes64 monitor ds_cpl vmx smx est tm2 ssse3 cx16 xtpr pdcm pcid sse4_1 sse4_2 x2apic popcnt tsc_deadline_timer aes xsave avx lahf_lm epb pti tpr_shadow vnmi flexpriority ept vpid xsaveopt dtherm ida arat pln pts
bugs		: cpu_meltdown spectre_v1 spectre_v2 spec_store_bypass
bogomips	: 4988.93
clflush size	: 64
cache_alignment	: 64
address sizes	: 36 bits physical, 48 bits virtual
power management:

processor	: 3
vendor_id	: GenuineIntel
cpu family	: 6
model		: 42
model name	: Intel(R) Core(TM) i5-2520M CPU @ 2.50GHz
stepping	: 7
microcode	: 0x23
cpu MHz		: 2585.158
cache size	: 3072 KB
physical id	: 0
siblings	: 4
core id		: 1
cpu cores	: 1
apicid		: 3
initial apicid	: 3
fpu		: yes
fpu_exception	: yes
cpuid level	: 13
wp		: yes
flags		: fpu vme de pse tsc msr pae mce cx8 apic sep mtrr pge mca cmov pat pse36 clflush dts acpi mmx fxsr sse sse2 ss ht tm pbe syscall nx rdtscp lm constant_tsc arch_perfmon pebs bts rep_good nopl xtopology nonstop_tsc cpuid aperfmperf pni pclmulqdq dtes64 monitor ds_cpl vmx smx est tm2 ssse3 cx16 xtpr pdcm pcid sse4_1 sse4_2 x2apic popcnt tsc_deadline_timer aes xsave avx lahf_lm epb pti tpr_shadow vnmi flexpriority ept vpid xsaveopt dtherm ida arat pln pts
bugs		: cpu_meltdown spectre_v1 spectre_v2 spec_store_bypass
bogomips	: 4988.93
clflush size	: 64
cache_alignment	: 64
address sizes	: 36 bits physical, 48 bits virtual
power management:



Memory: 4k page, physical 5980012k(624032k free), swap 3404796k(2331732k free)

vm_info: OpenJDK 64-Bit Server VM (25.152-b16-5323222) for linux-amd64 JRE (1.8.0_152-release-1343-b16-5323222), built by "android-build" with gcc 4.8

time: Sat May 18 14:48:24 2019
elapsed time: 3283 seconds (0d 0h 54m 43s)

